
=== DEBUG 2025-08-06 10:58:33 ===
Slug recebido: anti-aging
URL completa: /blogmyformula/category.php?slug=anti-aging
Categoria encontrada: Array
(
    [id] => 8
    [name] => Anti-aging
    [slug] => anti-aging
    [description] => Estratégias e produtos para retardar o envelhecimento e manter a juventude.
    [meta_title] => Anti-aging - Estratégias para Retardar o Envelhecimento
    [meta_description] => Descubra as melhores estratégias anti-aging: cuidados com a pele, suplementos, exercícios e hábitos para manter a juventude.
    [created_at] => 2025-08-06 09:07:01
    [updated_at] => 2025-08-06 09:07:01
)

================================

=== DEBUG 2025-08-06 10:58:40 ===
Slug recebido: anti-aging
URL completa: /blogmyformula/category.php?slug=anti-aging
Categoria encontrada: Array
(
    [id] => 8
    [name] => Anti-aging
    [slug] => anti-aging
    [description] => Estratégias e produtos para retardar o envelhecimento e manter a juventude.
    [meta_title] => Anti-aging - Estratégias para Retardar o Envelhecimento
    [meta_description] => Descubra as melhores estratégias anti-aging: cuidados com a pele, suplementos, exercícios e hábitos para manter a juventude.
    [created_at] => 2025-08-06 09:07:01
    [updated_at] => 2025-08-06 09:07:01
)

================================

=== DEBUG 2025-08-06 10:58:45 ===
Slug recebido: anti-aging
URL completa: /blogmyformula/category.php?slug=anti-aging
Categoria encontrada: Array
(
    [id] => 8
    [name] => Anti-aging
    [slug] => anti-aging
    [description] => Estratégias e produtos para retardar o envelhecimento e manter a juventude.
    [meta_title] => Anti-aging - Estratégias para Retardar o Envelhecimento
    [meta_description] => Descubra as melhores estratégias anti-aging: cuidados com a pele, suplementos, exercícios e hábitos para manter a juventude.
    [created_at] => 2025-08-06 09:07:01
    [updated_at] => 2025-08-06 09:07:01
)

================================

=== DEBUG 2025-08-06 10:58:48 ===
Slug recebido: anti-aging
URL completa: /blogmyformula/category.php?slug=anti-aging
Categoria encontrada: Array
(
    [id] => 8
    [name] => Anti-aging
    [slug] => anti-aging
    [description] => Estratégias e produtos para retardar o envelhecimento e manter a juventude.
    [meta_title] => Anti-aging - Estratégias para Retardar o Envelhecimento
    [meta_description] => Descubra as melhores estratégias anti-aging: cuidados com a pele, suplementos, exercícios e hábitos para manter a juventude.
    [created_at] => 2025-08-06 09:07:01
    [updated_at] => 2025-08-06 09:07:01
)

================================

=== DEBUG 2025-08-06 10:59:35 ===
Slug recebido: anti-aging
URL completa: /blogmyformula/category.php?slug=anti-aging
Categoria encontrada: Array
(
    [id] => 8
    [name] => Anti-aging
    [slug] => anti-aging
    [description] => Estratégias e produtos para retardar o envelhecimento e manter a juventude.
    [meta_title] => Anti-aging - Estratégias para Retardar o Envelhecimento
    [meta_description] => Descubra as melhores estratégias anti-aging: cuidados com a pele, suplementos, exercícios e hábitos para manter a juventude.
    [created_at] => 2025-08-06 09:07:01
    [updated_at] => 2025-08-06 09:07:01
)

================================

=== DEBUG 2025-08-06 10:59:39 ===
Slug recebido: geral
URL completa: /blogmyformula/category.php?slug=geral
Categoria encontrada: Array
(
    [id] => 1
    [name] => Geral
    [slug] => geral
    [description] => Categoria geral para posts diversos
    [meta_title] => Posts Gerais
    [meta_description] => Artigos e posts sobre temas diversos
    [created_at] => 2025-08-06 09:02:07
    [updated_at] => 2025-08-06 09:02:07
)

================================

=== DEBUG 2025-08-06 10:59:48 ===
Slug recebido: menopausa
URL completa: /blogmyformula/category.php?slug=menopausa
Categoria encontrada: Array
(
    [id] => 7
    [name] => Menopausa
    [slug] => menopausa
    [description] => Informações sobre menopausa, sintomas, tratamentos e como viver bem nesta fase da vida.
    [meta_title] => Menopausa - Sintomas, Tratamentos e Bem-estar
    [meta_description] => Tudo sobre menopausa: sintomas, tratamentos naturais, terapia hormonal e dicas para viver bem durante esta transição.
    [created_at] => 2025-08-06 09:07:01
    [updated_at] => 2025-08-06 09:07:01
)

================================
